[0802/101229.690:ERROR:process_reader_win.cc(173)] ResumeThread: El parámetro no es correcto. (0x57)
[0802/101229.700:ERROR:process_reader_win.cc(114)] NtOpenThread: Se ha especificado un identificador de cliente no válido.  (0xc000000b)
[0802/101230.041:ERROR:process_reader_win.cc(233)] ReadMemory at 0x76735600 of 28 bytes failed: Sólo se completó una parte de una solicitud ReadProcessMemory o WriteProcessMemory. (0x12B)
[0802/101230.042:WARNING:pe_image_reader.cc(135)] could not read data directory from C:\Windows\system32\kernel32.dll
[0802/101230.042:ERROR:process_reader_win.cc(233)] ReadMemory at 0x76c20000 of 64 bytes failed: Sólo se completó una parte de una solicitud ReadProcessMemory o WriteProcessMemory. (0x12B)
[0802/101230.042:WARNING:pe_image_reader.cc(281)] could not read dos header from C:\Windows\system32\msvcrt.dll
[0802/101230.042:ERROR:process_reader_win.cc(233)] ReadMemory at 0x740c0000 of 64 bytes failed: Sólo se completó una parte de una solicitud ReadProcessMemory o WriteProcessMemory. (0x12B)
[0802/101230.042:WARNING:pe_image_reader.cc(281)] could not read dos header from C:\Windows\system32\VERSION.dll
[0802/101230.042:ERROR:process_reader_win.cc(233)] ReadMemory at 0x6e280000 of 64 bytes failed: Sólo se completó una parte de una solicitud ReadProcessMemory o WriteProcessMemory. (0x12B)
[0802/101230.042:WARNING:pe_image_reader.cc(281)] could not read dos header from C:\Program Files\Google\Chrome\Application\56.0.2924.76\chrome_elf.dll
[0802/101230.042:ERROR:process_reader_win.cc(233)] ReadMemory at 0x756c0000 of 64 bytes failed: Sólo se completó una parte de una solicitud ReadProcessMemory o WriteProcessMemory. (0x12B)
[0802/101230.042:WARNING:pe_image_reader.cc(281)] could not read dos header from C:\Windows\system32\RPCRT4.dll
[0802/101230.042:ERROR:process_reader_win.cc(233)] ReadMemory at 0x75780000 of 64 bytes failed: Sólo se completó una parte de una solicitud ReadProcessMemory o WriteProcessMemory. (0x12B)
[0802/101230.042:WARNING:pe_image_reader.cc(281)] could not read dos header from C:\Windows\SYSTEM32\sechost.dll
[0802/101230.042:ERROR:process_reader_win.cc(233)] ReadMemory at 0x76750000 of 64 bytes failed: Sólo se completó una parte de una solicitud ReadProcessMemory o WriteProcessMemory. (0x12B)
[0802/101230.042:WARNING:pe_image_reader.cc(281)] could not read dos header from C:\Windows\system32\ADVAPI32.dll
[0802/101230.042:ERROR:process_reader_win.cc(233)] ReadMemory at 0x75370000 of 64 bytes failed: Sólo se completó una parte de una solicitud ReadProcessMemory o WriteProcessMemory. (0x12B)
[0802/101230.042:WARNING:pe_image_reader.cc(281)] could not read dos header from C:\Windows\system32\PSAPI.DLL
[0802/101230.042:ERROR:process_reader_win.cc(233)] ReadMemory at 0x76880000 of 64 bytes failed: Sólo se completó una parte de una solicitud ReadProcessMemory o WriteProcessMemory. (0x12B)
[0802/101230.042:WARNING:pe_image_reader.cc(281)] could not read dos header from C:\Windows\system32\USER32.dll
[0802/101230.042:ERROR:process_reader_win.cc(233)] ReadMemory at 0x76580000 of 64 bytes failed: Sólo se completó una parte de una solicitud ReadProcessMemory o WriteProcessMemory. (0x12B)
[0802/101230.042:WARNING:pe_image_reader.cc(281)] could not read dos header from C:\Windows\system32\USP10.dll
[0802/101230.042:ERROR:process_reader_win.cc(233)] ReadMemory at 0x77010000 of 64 bytes failed: Sólo se completó una parte de una solicitud ReadProcessMemory o WriteProcessMemory. (0x12B)
[0802/101230.042:WARNING:pe_image_reader.cc(281)] could not read dos header from C:\Windows\system32\LPK.dll
[0802/101230.042:ERROR:process_reader_win.cc(233)] ReadMemory at 0x77020000 of 64 bytes failed: Sólo se completó una parte de una solicitud ReadProcessMemory o WriteProcessMemory. (0x12B)
[0802/101230.042:WARNING:pe_image_reader.cc(281)] could not read dos header from C:\Windows\system32\GDI32.dll
[0802/101230.042:ERROR:process_reader_win.cc(233)] ReadMemory at 0x75310000 of 64 bytes failed: Sólo se completó una parte de una solicitud ReadProcessMemory o WriteProcessMemory. (0x12B)
[0802/101230.042:WARNING:pe_image_reader.cc(281)] could not read dos header from C:\Windows\system32\SHLWAPI.dll
[0802/101230.042:ERROR:process_reader_win.cc(233)] ReadMemory at 0x757a0000 of 64 bytes failed: Sólo se completó una parte de una solicitud ReadProcessMemory o WriteProcessMemory. (0x12B)
[0802/101230.043:WARNING:pe_image_reader.cc(281)] could not read dos header from C:\Windows\system32\SHELL32.dll
[0802/101230.043:ERROR:process_reader_win.cc(233)] ReadMemory at 0x73ea0000 of 64 bytes failed: Sólo se completó una parte de una solicitud ReadProcessMemory o WriteProcessMemory. (0x12B)
[0802/101230.043:WARNING:pe_image_reader.cc(281)] could not read dos header from C:\Windows\system32\WINMM.dll
[0802/101230.043:ERROR:process_reader_win.cc(233)] ReadMemory at 0x74010000 of 64 bytes failed: Sólo se completó una parte de una solicitud ReadProcessMemory o WriteProcessMemory. (0x12B)
[0802/101230.043:WARNING:pe_image_reader.cc(281)] could not read dos header from C:\Windows\system32\WTSAPI32.dll
[0802/101230.043:ERROR:process_reader_win.cc(233)] ReadMemory at 0x75010000 of 64 bytes failed: Sólo se completó una parte de una solicitud ReadProcessMemory o WriteProcessMemory. (0x12B)
[0802/101230.043:WARNING:pe_image_reader.cc(281)] could not read dos header from C:\Windows\system32\profapi.dll
[0802/101230.043:ERROR:process_reader_win.cc(233)] ReadMemory at 0x74140000 of 64 bytes failed: Sólo se completó una parte de una solicitud ReadProcessMemory o WriteProcessMemory. (0x12B)
[0802/101230.043:WARNING:pe_image_reader.cc(281)] could not read dos header from C:\Windows\system32\USERENV.dll
[0802/101230.043:ERROR:process_reader_win.cc(233)] ReadMemory at 0x726c0000 of 64 bytes failed: Sólo se completó una parte de una solicitud ReadProcessMemory o WriteProcessMemory. (0x12B)
[0802/101230.043:WARNING:pe_image_reader.cc(281)] could not read dos header from C:\Windows\system32\webio.dll
[0802/101230.043:ERROR:process_reader_win.cc(233)] ReadMemory at 0x72800000 of 64 bytes failed: Sólo se completó una parte de una solicitud ReadProcessMemory o WriteProcessMemory. (0x12B)
[0802/101230.043:WARNING:pe_image_reader.cc(281)] could not read dos header from C:\Windows\system32\WINHTTP.dll
[0802/101230.043:ERROR:process_reader_win.cc(233)] ReadMemory at 0x71c10000 of 64 bytes failed: Sólo se completó una parte de una solicitud ReadProcessMemory o WriteProcessMemory. (0x12B)
[0802/101230.043:WARNING:pe_image_reader.cc(281)] could not read dos header from C:\Windows\system32\api-ms-win-core-synch-l1-2-0.DLL
[0802/101230.043:ERROR:process_reader_win.cc(233)] ReadMemory at 0x764b0000 of 64 bytes failed: Sólo se completó una parte de una solicitud ReadProcessMemory o WriteProcessMemory. (0x12B)
[0802/101230.043:WARNING:pe_image_reader.cc(281)] could not read dos header from C:\Windows\system32\MSCTF.dll
[0802/101230.043:ERROR:process_reader_win.cc(233)] ReadMemory at 0x763f0000 of 64 bytes failed: Sólo se completó una parte de una solicitud ReadProcessMemory o WriteProcessMemory. (0x12B)
[0802/101230.043:WARNING:pe_image_reader.cc(281)] could not read dos header from C:\Windows\system32\IMM32.DLL
[0802/101230.043:ERROR:process_reader_win.cc(233)] ReadMemory at 0x76d60000 of 64 bytes failed: Sólo se completó una parte de una solicitud ReadProcessMemory o WriteProcessMemory. (0x12B)
[0802/101230.043:WARNING:pe_image_reader.cc(281)] could not read dos header from C:\Windows\system32\ole32.dll
[0802/101230.043:ERROR:process_reader_win.cc(233)] ReadMemory at 0x767f0000 of 64 bytes failed: Sólo se completó una parte de una solicitud ReadProcessMemory o WriteProcessMemory. (0x12B)
[0802/101230.043:WARNING:pe_image_reader.cc(281)] could not read dos header from C:\Windows\system32\OLEAUT32.dll
[0802/101230.043:ERROR:process_reader_win.cc(233)] ReadMemory at 0x77000000 of 64 bytes failed: Sólo se completó una parte de una solicitud ReadProcessMemory o WriteProcessMemory. (0x12B)
[0802/101230.043:WARNING:pe_image_reader.cc(281)] could not read dos header from C:\Windows\system32\NSI.dll
[0802/101230.043:ERROR:process_reader_win.cc(233)] ReadMemory at 0x76470000 of 64 bytes failed: Sólo se completó una parte de una solicitud ReadProcessMemory o WriteProcessMemory. (0x12B)
[0802/101230.043:WARNING:pe_image_reader.cc(281)] could not read dos header from C:\Windows\system32\WS2_32.dll
[0802/101230.043:ERROR:process_reader_win.cc(233)] ReadMemory at 0x744f0000 of 64 bytes failed: Sólo se completó una parte de una solicitud ReadProcessMemory o WriteProcessMemory. (0x12B)
[0802/101230.043:WARNING:pe_image_reader.cc(281)] could not read dos header from C:\Windows\WinSxS\x86_microsoft.windows.common-controls_6595b64144ccf1df_6.0.7601.17514_none_41e6975e2bd6f2b2\COMCTL32.dll
[0802/101230.043:ERROR:process_reader_win.cc(233)] ReadMemory at 0x77070000 of 64 bytes failed: Sólo se completó una parte de una solicitud ReadProcessMemory o WriteProcessMemory. (0x12B)
[0802/101230.043:WARNING:pe_image_reader.cc(281)] could not read dos header from C:\Windows\system32\COMDLG32.dll
[0802/101230.043:ERROR:process_reader_win.cc(233)] ReadMemory at 0x729c0000 of 64 bytes failed: Sólo se completó una parte de una solicitud ReadProcessMemory o WriteProcessMemory. (0x12B)
[0802/101230.043:WARNING:pe_image_reader.cc(281)] could not read dos header from C:\Windows\system32\dbghelp.dll
[0802/101230.043:ERROR:process_reader_win.cc(233)] ReadMemory at 0x72cc0000 of 64 bytes failed: Sólo se completó una parte de una solicitud ReadProcessMemory o WriteProcessMemory. (0x12B)
[0802/101230.044:WARNING:pe_image_reader.cc(281)] could not read dos header from C:\Windows\system32\WINSPOOL.DRV
[0802/101230.044:ERROR:process_reader_win.cc(233)] ReadMemory at 0x73fe0000 of 64 bytes failed: Sólo se completó una parte de una solicitud ReadProcessMemory o WriteProcessMemory. (0x12B)
[0802/101230.044:WARNING:pe_image_reader.cc(281)] could not read dos header from C:\Windows\system32\WINNSI.DLL
[0802/101230.044:ERROR:process_reader_win.cc(233)] ReadMemory at 0x73ff0000 of 64 bytes failed: Sólo se completó una parte de una solicitud ReadProcessMemory o WriteProcessMemory. (0x12B)
[0802/101230.044:WARNING:pe_image_reader.cc(281)] could not read dos header from C:\Windows\system32\IPHLPAPI.DLL
[0802/101230.044:ERROR:process_reader_win.cc(233)] ReadMemory at 0x74ed0000 of 64 bytes failed: Sólo se completó una parte de una solicitud ReadProcessMemory o WriteProcessMemory. (0x12B)
[0802/101230.044:WARNING:pe_image_reader.cc(281)] could not read dos header from C:\Windows\system32\Secur32.dll
[0802/101230.044:ERROR:process_reader_win.cc(233)] ReadMemory at 0x74f20000 of 64 bytes failed: Sólo se completó una parte de una solicitud ReadProcessMemory o WriteProcessMemory. (0x12B)
[0802/101230.044:WARNING:pe_image_reader.cc(281)] could not read dos header from C:\Windows\system32\SSPICLI.DLL
[0802/101230.044:ERROR:process_reader_win.cc(233)] ReadMemory at 0x6e170000 of 64 bytes failed: Sólo se completó una parte de una solicitud ReadProcessMemory o WriteProcessMemory. (0x12B)
[0802/101230.044:WARNING:pe_image_reader.cc(281)] could not read dos header from C:\Windows\system32\DWrite.dll
[0802/101230.044:ERROR:process_reader_win.cc(233)] ReadMemory at 0x6f9a0000 of 64 bytes failed: Sólo se completó una parte de una solicitud ReadProcessMemory o WriteProcessMemory. (0x12B)
[0802/101230.044:WARNING:pe_image_reader.cc(281)] could not read dos header from C:\Windows\system32\FONTSUB.dll
[0802/101230.044:ERROR:process_reader_win.cc(233)] ReadMemory at 0x75080000 of 64 bytes failed: Sólo se completó una parte de una solicitud ReadProcessMemory o WriteProcessMemory. (0x12B)
[0802/101230.044:WARNING:pe_image_reader.cc(281)] could not read dos header from C:\Windows\system32\MSASN1.dll
[0802/101230.044:ERROR:process_reader_win.cc(233)] ReadMemory at 0x750e0000 of 64 bytes failed: Sólo se completó una parte de una solicitud ReadProcessMemory o WriteProcessMemory. (0x12B)
[0802/101230.044:WARNING:pe_image_reader.cc(281)] could not read dos header from C:\Windows\system32\CRYPT32.dll
[0802/101230.044:ERROR:process_reader_win.cc(233)] ReadMemory at 0x750b0000 of 64 bytes failed: Sólo se completó una parte de una solicitud ReadProcessMemory o WriteProcessMemory. (0x12B)
[0802/101230.044:WARNING:pe_image_reader.cc(281)] could not read dos header from C:\Windows\system32\WINTRUST.dll
[0802/101230.044:ERROR:process_reader_win.cc(233)] ReadMemory at 0x66970000 of 64 bytes failed: Sólo se completó una parte de una solicitud ReadProcessMemory o WriteProcessMemory. (0x12B)
[0802/101230.044:WARNING:pe_image_reader.cc(281)] could not read dos header from C:\Program Files\Google\Chrome\Application\56.0.2924.76\chrome_child.dll
[0802/101230.044:ERROR:process_reader_win.cc(233)] ReadMemory at 0x74f90000 of 64 bytes failed: Sólo se completó una parte de una solicitud ReadProcessMemory o WriteProcessMemory. (0x12B)
[0802/101230.044:WARNING:pe_image_reader.cc(281)] could not read dos header from C:\Windows\system32\cryptbase.dll
[0802/101230.044:ERROR:process_reader_win.cc(233)] ReadMemory at 0x76f9a000 of 5888 bytes failed: Sólo se completó una parte de una solicitud ReadProcessMemory o WriteProcessMemory. (0x12B)
[0802/101230.044:ERROR:process_reader_win.cc(233)] ReadMemory at 0x1380000 of 64 bytes failed: Sólo se completó una parte de una solicitud ReadProcessMemory o WriteProcessMemory. (0x12B)
[0802/101230.044:WARNING:pe_image_reader.cc(281)] could not read dos header from C:\Program Files\Google\Chrome\Application\chrome.exe
[0802/101230.044:ERROR:process_reader_win.cc(233)] ReadMemory at 0x76ec0000 of 64 bytes failed: Sólo se completó una parte de una solicitud ReadProcessMemory o WriteProcessMemory. (0x12B)
[0802/101230.044:WARNING:pe_image_reader.cc(281)] could not read dos header from C:\Windows\SYSTEM32\ntdll.dll
[0802/101230.044:ERROR:process_reader_win.cc(233)] ReadMemory at 0x75230000 of 64 bytes failed: Sólo se completó una parte de una solicitud ReadProcessMemory o WriteProcessMemory. (0x12B)
[0802/101230.044:WARNING:pe_image_reader.cc(281)] could not read dos header from C:\Windows\system32\KERNELBASE.dll
[0802/101230.044:ERROR:process_reader_win.cc(233)] ReadMemory at 0x76670000 of 64 bytes failed: Sólo se completó una parte de una solicitud ReadProcessMemory o WriteProcessMemory. (0x12B)
[0802/101230.044:WARNING:pe_image_reader.cc(281)] could not read dos header from C:\Windows\system32\kernel32.dll
[0802/101230.044:ERROR:process_reader_win.cc(233)] ReadMemory at 0x76c20000 of 64 bytes failed: Sólo se completó una parte de una solicitud ReadProcessMemory o WriteProcessMemory. (0x12B)
[0802/101230.045:WARNING:pe_image_reader.cc(281)] could not read dos header from C:\Windows\system32\msvcrt.dll
[0802/101230.045:ERROR:process_reader_win.cc(233)] ReadMemory at 0x740c0000 of 64 bytes failed: Sólo se completó una parte de una solicitud ReadProcessMemory o WriteProcessMemory. (0x12B)
[0802/101230.045:WARNING:pe_image_reader.cc(281)] could not read dos header from C:\Windows\system32\VERSION.dll
[0802/101230.045:ERROR:process_reader_win.cc(233)] ReadMemory at 0x6e280000 of 64 bytes failed: Sólo se completó una parte de una solicitud ReadProcessMemory o WriteProcessMemory. (0x12B)
[0802/101230.045:WARNING:pe_image_reader.cc(281)] could not read dos header from C:\Program Files\Google\Chrome\Application\56.0.2924.76\chrome_elf.dll
[0802/101230.045:ERROR:process_reader_win.cc(233)] ReadMemory at 0x756c0000 of 64 bytes failed: Sólo se completó una parte de una solicitud ReadProcessMemory o WriteProcessMemory. (0x12B)
[0802/101230.045:WARNING:pe_image_reader.cc(281)] could not read dos header from C:\Windows\system32\RPCRT4.dll
[0802/101230.045:ERROR:process_reader_win.cc(233)] ReadMemory at 0x75780000 of 64 bytes failed: Sólo se completó una parte de una solicitud ReadProcessMemory o WriteProcessMemory. (0x12B)
[0802/101230.045:WARNING:pe_image_reader.cc(281)] could not read dos header from C:\Windows\SYSTEM32\sechost.dll
[0802/101230.045:ERROR:process_reader_win.cc(233)] ReadMemory at 0x76750000 of 64 bytes failed: Sólo se completó una parte de una solicitud ReadProcessMemory o WriteProcessMemory. (0x12B)
[0802/101230.045:WARNING:pe_image_reader.cc(281)] could not read dos header from C:\Windows\system32\ADVAPI32.dll
[0802/101230.045:ERROR:process_reader_win.cc(233)] ReadMemory at 0x75370000 of 64 bytes failed: Sólo se completó una parte de una solicitud ReadProcessMemory o WriteProcessMemory. (0x12B)
[0802/101230.045:WARNING:pe_image_reader.cc(281)] could not read dos header from C:\Windows\system32\PSAPI.DLL
[0802/101230.045:ERROR:process_reader_win.cc(233)] ReadMemory at 0x76880000 of 64 bytes failed: Sólo se completó una parte de una solicitud ReadProcessMemory o WriteProcessMemory. (0x12B)
[0802/101230.045:WARNING:pe_image_reader.cc(281)] could not read dos header from C:\Windows\system32\USER32.dll
[0802/101230.045:ERROR:process_reader_win.cc(233)] ReadMemory at 0x76580000 of 64 bytes failed: Sólo se completó una parte de una solicitud ReadProcessMemory o WriteProcessMemory. (0x12B)
[0802/101230.045:WARNING:pe_image_reader.cc(281)] could not read dos header from C:\Windows\system32\USP10.dll
[0802/101230.045:ERROR:process_reader_win.cc(233)] ReadMemory at 0x77010000 of 64 bytes failed: Sólo se completó una parte de una solicitud ReadProcessMemory o WriteProcessMemory. (0x12B)
[0802/101230.045:WARNING:pe_image_reader.cc(281)] could not read dos header from C:\Windows\system32\LPK.dll
[0802/101230.045:ERROR:process_reader_win.cc(233)] ReadMemory at 0x77020000 of 64 bytes failed: Sólo se completó una parte de una solicitud ReadProcessMemory o WriteProcessMemory. (0x12B)
[0802/101230.045:WARNING:pe_image_reader.cc(281)] could not read dos header from C:\Windows\system32\GDI32.dll
[0802/101230.045:ERROR:process_reader_win.cc(233)] ReadMemory at 0x75310000 of 64 bytes failed: Sólo se completó una parte de una solicitud ReadProcessMemory o WriteProcessMemory. (0x12B)
[0802/101230.045:WARNING:pe_image_reader.cc(281)] could not read dos header from C:\Windows\system32\SHLWAPI.dll
[0802/101230.045:ERROR:process_reader_win.cc(233)] ReadMemory at 0x757a0000 of 64 bytes failed: Sólo se completó una parte de una solicitud ReadProcessMemory o WriteProcessMemory. (0x12B)
[0802/101230.045:WARNING:pe_image_reader.cc(281)] could not read dos header from C:\Windows\system32\SHELL32.dll
[0802/101230.045:ERROR:process_reader_win.cc(233)] ReadMemory at 0x73ea0000 of 64 bytes failed: Sólo se completó una parte de una solicitud ReadProcessMemory o WriteProcessMemory. (0x12B)
[0802/101230.045:WARNING:pe_image_reader.cc(281)] could not read dos header from C:\Windows\system32\WINMM.dll
[0802/101230.045:ERROR:process_reader_win.cc(233)] ReadMemory at 0x74010000 of 64 bytes failed: Sólo se completó una parte de una solicitud ReadProcessMemory o WriteProcessMemory. (0x12B)
[0802/101230.045:WARNING:pe_image_reader.cc(281)] could not read dos header from C:\Windows\system32\WTSAPI32.dll
[0802/101230.045:ERROR:process_reader_win.cc(233)] ReadMemory at 0x75010000 of 64 bytes failed: Sólo se completó una parte de una solicitud ReadProcessMemory o WriteProcessMemory. (0x12B)
[0802/101230.045:WARNING:pe_image_reader.cc(281)] could not read dos header from C:\Windows\system32\profapi.dll
[0802/101230.045:ERROR:process_reader_win.cc(233)] ReadMemory at 0x74140000 of 64 bytes failed: Sólo se completó una parte de una solicitud ReadProcessMemory o WriteProcessMemory. (0x12B)
[0802/101230.045:WARNING:pe_image_reader.cc(281)] could not read dos header from C:\Windows\system32\USERENV.dll
[0802/101230.045:ERROR:process_reader_win.cc(233)] ReadMemory at 0x726c0000 of 64 bytes failed: Sólo se completó una parte de una solicitud ReadProcessMemory o WriteProcessMemory. (0x12B)
[0802/101230.045:WARNING:pe_image_reader.cc(281)] could not read dos header from C:\Windows\system32\webio.dll
[0802/101230.045:ERROR:process_reader_win.cc(233)] ReadMemory at 0x72800000 of 64 bytes failed: Sólo se completó una parte de una solicitud ReadProcessMemory o WriteProcessMemory. (0x12B)
[0802/101230.046:WARNING:pe_image_reader.cc(281)] could not read dos header from C:\Windows\system32\WINHTTP.dll
[0802/101230.046:ERROR:process_reader_win.cc(233)] ReadMemory at 0x71c10000 of 64 bytes failed: Sólo se completó una parte de una solicitud ReadProcessMemory o WriteProcessMemory. (0x12B)
[0802/101230.046:WARNING:pe_image_reader.cc(281)] could not read dos header from C:\Windows\system32\api-ms-win-core-synch-l1-2-0.DLL
[0802/101230.046:ERROR:process_reader_win.cc(233)] ReadMemory at 0x764b0000 of 64 bytes failed: Sólo se completó una parte de una solicitud ReadProcessMemory o WriteProcessMemory. (0x12B)
[0802/101230.046:WARNING:pe_image_reader.cc(281)] could not read dos header from C:\Windows\system32\MSCTF.dll
[0802/101230.046:ERROR:process_reader_win.cc(233)] ReadMemory at 0x763f0000 of 64 bytes failed: Sólo se completó una parte de una solicitud ReadProcessMemory o WriteProcessMemory. (0x12B)
[0802/101230.046:WARNING:pe_image_reader.cc(281)] could not read dos header from C:\Windows\system32\IMM32.DLL
[0802/101230.046:ERROR:process_reader_win.cc(233)] ReadMemory at 0x76d60000 of 64 bytes failed: Sólo se completó una parte de una solicitud ReadProcessMemory o WriteProcessMemory. (0x12B)
[0802/101230.046:WARNING:pe_image_reader.cc(281)] could not read dos header from C:\Windows\system32\ole32.dll
[0802/101230.046:ERROR:process_reader_win.cc(233)] ReadMemory at 0x767f0000 of 64 bytes failed: Sólo se completó una parte de una solicitud ReadProcessMemory o WriteProcessMemory. (0x12B)
[0802/101230.046:WARNING:pe_image_reader.cc(281)] could not read dos header from C:\Windows\system32\OLEAUT32.dll
[0802/101230.046:ERROR:process_reader_win.cc(233)] ReadMemory at 0x77000000 of 64 bytes failed: Sólo se completó una parte de una solicitud ReadProcessMemory o WriteProcessMemory. (0x12B)
[0802/101230.046:WARNING:pe_image_reader.cc(281)] could not read dos header from C:\Windows\system32\NSI.dll
[0802/101230.046:ERROR:process_reader_win.cc(233)] ReadMemory at 0x76470000 of 64 bytes failed: Sólo se completó una parte de una solicitud ReadProcessMemory o WriteProcessMemory. (0x12B)
[0802/101230.046:WARNING:pe_image_reader.cc(281)] could not read dos header from C:\Windows\system32\WS2_32.dll
[0802/101230.046:ERROR:process_reader_win.cc(233)] ReadMemory at 0x744f0000 of 64 bytes failed: Sólo se completó una parte de una solicitud ReadProcessMemory o WriteProcessMemory. (0x12B)
[0802/101230.046:WARNING:pe_image_reader.cc(281)] could not read dos header from C:\Windows\WinSxS\x86_microsoft.windows.common-controls_6595b64144ccf1df_6.0.7601.17514_none_41e6975e2bd6f2b2\COMCTL32.dll
[0802/101230.046:ERROR:process_reader_win.cc(233)] ReadMemory at 0x77070000 of 64 bytes failed: Sólo se completó una parte de una solicitud ReadProcessMemory o WriteProcessMemory. (0x12B)
[0802/101230.046:WARNING:pe_image_reader.cc(281)] could not read dos header from C:\Windows\system32\COMDLG32.dll
[0802/101230.046:ERROR:process_reader_win.cc(233)] ReadMemory at 0x729c0000 of 64 bytes failed: Sólo se completó una parte de una solicitud ReadProcessMemory o WriteProcessMemory. (0x12B)
[0802/101230.046:WARNING:pe_image_reader.cc(281)] could not read dos header from C:\Windows\system32\dbghelp.dll
[0802/101230.046:ERROR:process_reader_win.cc(233)] ReadMemory at 0x72cc0000 of 64 bytes failed: Sólo se completó una parte de una solicitud ReadProcessMemory o WriteProcessMemory. (0x12B)
[0802/101230.046:WARNING:pe_image_reader.cc(281)] could not read dos header from C:\Windows\system32\WINSPOOL.DRV
[0802/101230.046:ERROR:process_reader_win.cc(233)] ReadMemory at 0x73fe0000 of 64 bytes failed: Sólo se completó una parte de una solicitud ReadProcessMemory o WriteProcessMemory. (0x12B)
[0802/101230.046:WARNING:pe_image_reader.cc(281)] could not read dos header from C:\Windows\system32\WINNSI.DLL
[0802/101230.046:ERROR:process_reader_win.cc(233)] ReadMemory at 0x73ff0000 of 64 bytes failed: Sólo se completó una parte de una solicitud ReadProcessMemory o WriteProcessMemory. (0x12B)
[0802/101230.046:WARNING:pe_image_reader.cc(281)] could not read dos header from C:\Windows\system32\IPHLPAPI.DLL
[0802/101230.046:ERROR:process_reader_win.cc(233)] ReadMemory at 0x74ed0000 of 64 bytes failed: Sólo se completó una parte de una solicitud ReadProcessMemory o WriteProcessMemory. (0x12B)
[0802/101230.046:WARNING:pe_image_reader.cc(281)] could not read dos header from C:\Windows\system32\Secur32.dll
[0802/101230.046:ERROR:process_reader_win.cc(233)] ReadMemory at 0x74f20000 of 64 bytes failed: Sólo se completó una parte de una solicitud ReadProcessMemory o WriteProcessMemory. (0x12B)
[0802/101230.046:WARNING:pe_image_reader.cc(281)] could not read dos header from C:\Windows\system32\SSPICLI.DLL
[0802/101230.046:ERROR:process_reader_win.cc(233)] ReadMemory at 0x6e170000 of 64 bytes failed: Sólo se completó una parte de una solicitud ReadProcessMemory o WriteProcessMemory. (0x12B)
[0802/101230.046:WARNING:pe_image_reader.cc(281)] could not read dos header from C:\Windows\system32\DWrite.dll
[0802/101230.046:ERROR:process_reader_win.cc(233)] ReadMemory at 0x6f9a0000 of 64 bytes failed: Sólo se completó una parte de una solicitud ReadProcessMemory o WriteProcessMemory. (0x12B)
[0802/101230.046:WARNING:pe_image_reader.cc(281)] could not read dos header from C:\Windows\system32\FONTSUB.dll
[0802/101230.046:ERROR:process_reader_win.cc(233)] ReadMemory at 0x75080000 of 64 bytes failed: Sólo se completó una parte de una solicitud ReadProcessMemory o WriteProcessMemory. (0x12B)
[0802/101230.046:WARNING:pe_image_reader.cc(281)] could not read dos header from C:\Windows\system32\MSASN1.dll
[0802/101230.046:ERROR:process_reader_win.cc(233)] ReadMemory at 0x750e0000 of 64 bytes failed: Sólo se completó una parte de una solicitud ReadProcessMemory o WriteProcessMemory. (0x12B)
[0802/101230.047:WARNING:pe_image_reader.cc(281)] could not read dos header from C:\Windows\system32\CRYPT32.dll
[0802/101230.047:ERROR:process_reader_win.cc(233)] ReadMemory at 0x750b0000 of 64 bytes failed: Sólo se completó una parte de una solicitud ReadProcessMemory o WriteProcessMemory. (0x12B)
[0802/101230.047:WARNING:pe_image_reader.cc(281)] could not read dos header from C:\Windows\system32\WINTRUST.dll
[0802/101230.047:ERROR:process_reader_win.cc(233)] ReadMemory at 0x66970000 of 64 bytes failed: Sólo se completó una parte de una solicitud ReadProcessMemory o WriteProcessMemory. (0x12B)
[0802/101230.047:WARNING:pe_image_reader.cc(281)] could not read dos header from C:\Program Files\Google\Chrome\Application\56.0.2924.76\chrome_child.dll
[0802/101230.047:ERROR:process_reader_win.cc(233)] ReadMemory at 0x74f90000 of 64 bytes failed: Sólo se completó una parte de una solicitud ReadProcessMemory o WriteProcessMemory. (0x12B)
[0802/101230.047:WARNING:pe_image_reader.cc(281)] could not read dos header from C:\Windows\system32\cryptbase.dll
[0802/101230.047:ERROR:process_reader_win.cc(233)] ReadMemory at 0x1380000 of 64 bytes failed: Sólo se completó una parte de una solicitud ReadProcessMemory o WriteProcessMemory. (0x12B)
[0802/101230.047:WARNING:pe_image_reader.cc(281)] could not read dos header from C:\Program Files\Google\Chrome\Application\chrome.exe
[0802/101230.047:ERROR:process_reader_win.cc(233)] ReadMemory at 0x76ec0000 of 64 bytes failed: Sólo se completó una parte de una solicitud ReadProcessMemory o WriteProcessMemory. (0x12B)
[0802/101230.047:WARNING:pe_image_reader.cc(281)] could not read dos header from C:\Windows\SYSTEM32\ntdll.dll
[0802/101230.048:ERROR:process_reader_win.cc(233)] ReadMemory at 0x75230000 of 64 bytes failed: Sólo se completó una parte de una solicitud ReadProcessMemory o WriteProcessMemory. (0x12B)
[0802/101230.048:WARNING:pe_image_reader.cc(281)] could not read dos header from C:\Windows\system32\KERNELBASE.dll
[0802/101230.048:ERROR:process_reader_win.cc(233)] ReadMemory at 0x76670000 of 64 bytes failed: Sólo se completó una parte de una solicitud ReadProcessMemory o WriteProcessMemory. (0x12B)
[0802/101230.048:WARNING:pe_image_reader.cc(281)] could not read dos header from C:\Windows\system32\kernel32.dll
[0802/101230.048:ERROR:process_reader_win.cc(233)] ReadMemory at 0x76c20000 of 64 bytes failed: Sólo se completó una parte de una solicitud ReadProcessMemory o WriteProcessMemory. (0x12B)
[0802/101230.048:WARNING:pe_image_reader.cc(281)] could not read dos header from C:\Windows\system32\msvcrt.dll
[0802/101230.048:ERROR:process_reader_win.cc(233)] ReadMemory at 0x740c0000 of 64 bytes failed: Sólo se completó una parte de una solicitud ReadProcessMemory o WriteProcessMemory. (0x12B)
[0802/101230.048:WARNING:pe_image_reader.cc(281)] could not read dos header from C:\Windows\system32\VERSION.dll
[0802/101230.048:ERROR:process_reader_win.cc(233)] ReadMemory at 0x6e280000 of 64 bytes failed: Sólo se completó una parte de una solicitud ReadProcessMemory o WriteProcessMemory. (0x12B)
[0802/101230.048:WARNING:pe_image_reader.cc(281)] could not read dos header from C:\Program Files\Google\Chrome\Application\56.0.2924.76\chrome_elf.dll
[0802/101230.048:ERROR:process_reader_win.cc(233)] ReadMemory at 0x756c0000 of 64 bytes failed: Sólo se completó una parte de una solicitud ReadProcessMemory o WriteProcessMemory. (0x12B)
[0802/101230.048:WARNING:pe_image_reader.cc(281)] could not read dos header from C:\Windows\system32\RPCRT4.dll
[0802/101230.048:ERROR:process_reader_win.cc(233)] ReadMemory at 0x75780000 of 64 bytes failed: Sólo se completó una parte de una solicitud ReadProcessMemory o WriteProcessMemory. (0x12B)
[0802/101230.048:WARNING:pe_image_reader.cc(281)] could not read dos header from C:\Windows\SYSTEM32\sechost.dll
[0802/101230.048:ERROR:process_reader_win.cc(233)] ReadMemory at 0x76750000 of 64 bytes failed: Sólo se completó una parte de una solicitud ReadProcessMemory o WriteProcessMemory. (0x12B)
[0802/101230.048:WARNING:pe_image_reader.cc(281)] could not read dos header from C:\Windows\system32\ADVAPI32.dll
[0802/101230.048:ERROR:process_reader_win.cc(233)] ReadMemory at 0x75370000 of 64 bytes failed: Sólo se completó una parte de una solicitud ReadProcessMemory o WriteProcessMemory. (0x12B)
[0802/101230.048:WARNING:pe_image_reader.cc(281)] could not read dos header from C:\Windows\system32\PSAPI.DLL
[0802/101230.048:ERROR:process_reader_win.cc(233)] ReadMemory at 0x76880000 of 64 bytes failed: Sólo se completó una parte de una solicitud ReadProcessMemory o WriteProcessMemory. (0x12B)
[0802/101230.048:WARNING:pe_image_reader.cc(281)] could not read dos header from C:\Windows\system32\USER32.dll
[0802/101230.048:ERROR:process_reader_win.cc(233)] ReadMemory at 0x76580000 of 64 bytes failed: Sólo se completó una parte de una solicitud ReadProcessMemory o WriteProcessMemory. (0x12B)
[0802/101230.048:WARNING:pe_image_reader.cc(281)] could not read dos header from C:\Windows\system32\USP10.dll
[0802/101230.048:ERROR:process_reader_win.cc(233)] ReadMemory at 0x77010000 of 64 bytes failed: Sólo se completó una parte de una solicitud ReadProcessMemory o WriteProcessMemory. (0x12B)
[0802/101230.048:WARNING:pe_image_reader.cc(281)] could not read dos header from C:\Windows\system32\LPK.dll
[0802/101230.048:ERROR:process_reader_win.cc(233)] ReadMemory at 0x77020000 of 64 bytes failed: Sólo se completó una parte de una solicitud ReadProcessMemory o WriteProcessMemory. (0x12B)
[0802/101230.048:WARNING:pe_image_reader.cc(281)] could not read dos header from C:\Windows\system32\GDI32.dll
[0802/101230.048:ERROR:process_reader_win.cc(233)] ReadMemory at 0x75310000 of 64 bytes failed: Sólo se completó una parte de una solicitud ReadProcessMemory o WriteProcessMemory. (0x12B)
[0802/101230.048:WARNING:pe_image_reader.cc(281)] could not read dos header from C:\Windows\system32\SHLWAPI.dll
[0802/101230.048:ERROR:process_reader_win.cc(233)] ReadMemory at 0x757a0000 of 64 bytes failed: Sólo se completó una parte de una solicitud ReadProcessMemory o WriteProcessMemory. (0x12B)
[0802/101230.048:WARNING:pe_image_reader.cc(281)] could not read dos header from C:\Windows\system32\SHELL32.dll
[0802/101230.048:ERROR:process_reader_win.cc(233)] ReadMemory at 0x73ea0000 of 64 bytes failed: Sólo se completó una parte de una solicitud ReadProcessMemory o WriteProcessMemory. (0x12B)
[0802/101230.048:WARNING:pe_image_reader.cc(281)] could not read dos header from C:\Windows\system32\WINMM.dll
[0802/101230.048:ERROR:process_reader_win.cc(233)] ReadMemory at 0x74010000 of 64 bytes failed: Sólo se completó una parte de una solicitud ReadProcessMemory o WriteProcessMemory. (0x12B)
[0802/101230.048:WARNING:pe_image_reader.cc(281)] could not read dos header from C:\Windows\system32\WTSAPI32.dll
[0802/101230.048:ERROR:process_reader_win.cc(233)] ReadMemory at 0x75010000 of 64 bytes failed: Sólo se completó una parte de una solicitud ReadProcessMemory o WriteProcessMemory. (0x12B)
[0802/101230.048:WARNING:pe_image_reader.cc(281)] could not read dos header from C:\Windows\system32\profapi.dll
[0802/101230.049:ERROR:process_reader_win.cc(233)] ReadMemory at 0x74140000 of 64 bytes failed: Sólo se completó una parte de una solicitud ReadProcessMemory o WriteProcessMemory. (0x12B)
[0802/101230.049:WARNING:pe_image_reader.cc(281)] could not read dos header from C:\Windows\system32\USERENV.dll
[0802/101230.049:ERROR:process_reader_win.cc(233)] ReadMemory at 0x726c0000 of 64 bytes failed: Sólo se completó una parte de una solicitud ReadProcessMemory o WriteProcessMemory. (0x12B)
[0802/101230.049:WARNING:pe_image_reader.cc(281)] could not read dos header from C:\Windows\system32\webio.dll
[0802/101230.049:ERROR:process_reader_win.cc(233)] ReadMemory at 0x72800000 of 64 bytes failed: Sólo se completó una parte de una solicitud ReadProcessMemory o WriteProcessMemory. (0x12B)
[0802/101230.049:WARNING:pe_image_reader.cc(281)] could not read dos header from C:\Windows\system32\WINHTTP.dll
[0802/101230.049:ERROR:process_reader_win.cc(233)] ReadMemory at 0x71c10000 of 64 bytes failed: Sólo se completó una parte de una solicitud ReadProcessMemory o WriteProcessMemory. (0x12B)
[0802/101230.049:WARNING:pe_image_reader.cc(281)] could not read dos header from C:\Windows\system32\api-ms-win-core-synch-l1-2-0.DLL
[0802/101230.049:ERROR:process_reader_win.cc(233)] ReadMemory at 0x764b0000 of 64 bytes failed: Sólo se completó una parte de una solicitud ReadProcessMemory o WriteProcessMemory. (0x12B)
[0802/101230.049:WARNING:pe_image_reader.cc(281)] could not read dos header from C:\Windows\system32\MSCTF.dll
[0802/101230.049:ERROR:process_reader_win.cc(233)] ReadMemory at 0x763f0000 of 64 bytes failed: Sólo se completó una parte de una solicitud ReadProcessMemory o WriteProcessMemory. (0x12B)
[0802/101230.049:WARNING:pe_image_reader.cc(281)] could not read dos header from C:\Windows\system32\IMM32.DLL
[0802/101230.049:ERROR:process_reader_win.cc(233)] ReadMemory at 0x76d60000 of 64 bytes failed: Sólo se completó una parte de una solicitud ReadProcessMemory o WriteProcessMemory. (0x12B)
[0802/101230.049:WARNING:pe_image_reader.cc(281)] could not read dos header from C:\Windows\system32\ole32.dll
[0802/101230.049:ERROR:process_reader_win.cc(233)] ReadMemory at 0x767f0000 of 64 bytes failed: Sólo se completó una parte de una solicitud ReadProcessMemory o WriteProcessMemory. (0x12B)
[0802/101230.049:WARNING:pe_image_reader.cc(281)] could not read dos header from C:\Windows\system32\OLEAUT32.dll
[0802/101230.049:ERROR:process_reader_win.cc(233)] ReadMemory at 0x77000000 of 64 bytes failed: Sólo se completó una parte de una solicitud ReadProcessMemory o WriteProcessMemory. (0x12B)
[0802/101230.049:WARNING:pe_image_reader.cc(281)] could not read dos header from C:\Windows\system32\NSI.dll
[0802/101230.049:ERROR:process_reader_win.cc(233)] ReadMemory at 0x76470000 of 64 bytes failed: Sólo se completó una parte de una solicitud ReadProcessMemory o WriteProcessMemory. (0x12B)
[0802/101230.049:WARNING:pe_image_reader.cc(281)] could not read dos header from C:\Windows\system32\WS2_32.dll
[0802/101230.049:ERROR:process_reader_win.cc(233)] ReadMemory at 0x744f0000 of 64 bytes failed: Sólo se completó una parte de una solicitud ReadProcessMemory o WriteProcessMemory. (0x12B)
[0802/101230.049:WARNING:pe_image_reader.cc(281)] could not read dos header from C:\Windows\WinSxS\x86_microsoft.windows.common-controls_6595b64144ccf1df_6.0.7601.17514_none_41e6975e2bd6f2b2\COMCTL32.dll
[0802/101230.049:ERROR:process_reader_win.cc(233)] ReadMemory at 0x77070000 of 64 bytes failed: Sólo se completó una parte de una solicitud ReadProcessMemory o WriteProcessMemory. (0x12B)
[0802/101230.049:WARNING:pe_image_reader.cc(281)] could not read dos header from C:\Windows\system32\COMDLG32.dll
[0802/101230.049:ERROR:process_reader_win.cc(233)] ReadMemory at 0x729c0000 of 64 bytes failed: Sólo se completó una parte de una solicitud ReadProcessMemory o WriteProcessMemory. (0x12B)
[0802/101230.049:WARNING:pe_image_reader.cc(281)] could not read dos header from C:\Windows\system32\dbghelp.dll
[0802/101230.049:ERROR:process_reader_win.cc(233)] ReadMemory at 0x72cc0000 of 64 bytes failed: Sólo se completó una parte de una solicitud ReadProcessMemory o WriteProcessMemory. (0x12B)
[0802/101230.049:WARNING:pe_image_reader.cc(281)] could not read dos header from C:\Windows\system32\WINSPOOL.DRV
[0802/101230.049:ERROR:process_reader_win.cc(233)] ReadMemory at 0x73fe0000 of 64 bytes failed: Sólo se completó una parte de una solicitud ReadProcessMemory o WriteProcessMemory. (0x12B)
[0802/101230.049:WARNING:pe_image_reader.cc(281)] could not read dos header from C:\Windows\system32\WINNSI.DLL
[0802/101230.049:ERROR:process_reader_win.cc(233)] ReadMemory at 0x73ff0000 of 64 bytes failed: Sólo se completó una parte de una solicitud ReadProcessMemory o WriteProcessMemory. (0x12B)
[0802/101230.049:WARNING:pe_image_reader.cc(281)] could not read dos header from C:\Windows\system32\IPHLPAPI.DLL
[0802/101230.049:ERROR:process_reader_win.cc(233)] ReadMemory at 0x74ed0000 of 64 bytes failed: Sólo se completó una parte de una solicitud ReadProcessMemory o WriteProcessMemory. (0x12B)
[0802/101230.049:WARNING:pe_image_reader.cc(281)] could not read dos header from C:\Windows\system32\Secur32.dll
[0802/101230.049:ERROR:process_reader_win.cc(233)] ReadMemory at 0x74f20000 of 64 bytes failed: Sólo se completó una parte de una solicitud ReadProcessMemory o WriteProcessMemory. (0x12B)
[0802/101230.049:WARNING:pe_image_reader.cc(281)] could not read dos header from C:\Windows\system32\SSPICLI.DLL
[0802/101230.049:ERROR:process_reader_win.cc(233)] ReadMemory at 0x6e170000 of 64 bytes failed: Sólo se completó una parte de una solicitud ReadProcessMemory o WriteProcessMemory. (0x12B)
[0802/101230.049:WARNING:pe_image_reader.cc(281)] could not read dos header from C:\Windows\system32\DWrite.dll
[0802/101230.050:ERROR:process_reader_win.cc(233)] ReadMemory at 0x6f9a0000 of 64 bytes failed: Sólo se completó una parte de una solicitud ReadProcessMemory o WriteProcessMemory. (0x12B)
[0802/101230.050:WARNING:pe_image_reader.cc(281)] could not read dos header from C:\Windows\system32\FONTSUB.dll
[0802/101230.050:ERROR:process_reader_win.cc(233)] ReadMemory at 0x75080000 of 64 bytes failed: Sólo se completó una parte de una solicitud ReadProcessMemory o WriteProcessMemory. (0x12B)
[0802/101230.050:WARNING:pe_image_reader.cc(281)] could not read dos header from C:\Windows\system32\MSASN1.dll
[0802/101230.050:ERROR:process_reader_win.cc(233)] ReadMemory at 0x750e0000 of 64 bytes failed: Sólo se completó una parte de una solicitud ReadProcessMemory o WriteProcessMemory. (0x12B)
[0802/101230.050:WARNING:pe_image_reader.cc(281)] could not read dos header from C:\Windows\system32\CRYPT32.dll
[0802/101230.050:ERROR:process_reader_win.cc(233)] ReadMemory at 0x750b0000 of 64 bytes failed: Sólo se completó una parte de una solicitud ReadProcessMemory o WriteProcessMemory. (0x12B)
[0802/101230.050:WARNING:pe_image_reader.cc(281)] could not read dos header from C:\Windows\system32\WINTRUST.dll
[0802/101230.050:ERROR:process_reader_win.cc(233)] ReadMemory at 0x66970000 of 64 bytes failed: Sólo se completó una parte de una solicitud ReadProcessMemory o WriteProcessMemory. (0x12B)
[0802/101230.050:WARNING:pe_image_reader.cc(281)] could not read dos header from C:\Program Files\Google\Chrome\Application\56.0.2924.76\chrome_child.dll
[0802/101230.050:ERROR:process_reader_win.cc(233)] ReadMemory at 0x74f90000 of 64 bytes failed: Sólo se completó una parte de una solicitud ReadProcessMemory o WriteProcessMemory. (0x12B)
[0802/101230.050:WARNING:pe_image_reader.cc(281)] could not read dos header from C:\Windows\system32\cryptbase.dll
[0802/101230.059:ERROR:process_reader_win.cc(233)] ReadMemory at 0x1380000 of 64 bytes failed: Sólo se completó una parte de una solicitud ReadProcessMemory o WriteProcessMemory. (0x12B)
[0802/101230.059:WARNING:pe_image_reader.cc(281)] could not read dos header from C:\Program Files\Google\Chrome\Application\chrome.exe
[0802/101230.059:ERROR:process_reader_win.cc(233)] ReadMemory at 0x76ec0000 of 64 bytes failed: Sólo se completó una parte de una solicitud ReadProcessMemory o WriteProcessMemory. (0x12B)
[0802/101230.059:WARNING:pe_image_reader.cc(281)] could not read dos header from C:\Windows\SYSTEM32\ntdll.dll
[0802/101230.059:ERROR:process_reader_win.cc(233)] ReadMemory at 0x75230000 of 64 bytes failed: Sólo se completó una parte de una solicitud ReadProcessMemory o WriteProcessMemory. (0x12B)
[0802/101230.059:WARNING:pe_image_reader.cc(281)] could not read dos header from C:\Windows\system32\KERNELBASE.dll
[0802/101230.059:ERROR:process_reader_win.cc(233)] ReadMemory at 0x76670000 of 64 bytes failed: Sólo se completó una parte de una solicitud ReadProcessMemory o WriteProcessMemory. (0x12B)
[0802/101230.059:WARNING:pe_image_reader.cc(281)] could not read dos header from C:\Windows\system32\kernel32.dll
[0802/101230.059:ERROR:process_reader_win.cc(233)] ReadMemory at 0x76c20000 of 64 bytes failed: Sólo se completó una parte de una solicitud ReadProcessMemory o WriteProcessMemory. (0x12B)
[0802/101230.059:WARNING:pe_image_reader.cc(281)] could not read dos header from C:\Windows\system32\msvcrt.dll
[0802/101230.059:ERROR:process_reader_win.cc(233)] ReadMemory at 0x740c0000 of 64 bytes failed: Sólo se completó una parte de una solicitud ReadProcessMemory o WriteProcessMemory. (0x12B)
[0802/101230.059:WARNING:pe_image_reader.cc(281)] could not read dos header from C:\Windows\system32\VERSION.dll
[0802/101230.059:ERROR:process_reader_win.cc(233)] ReadMemory at 0x6e280000 of 64 bytes failed: Sólo se completó una parte de una solicitud ReadProcessMemory o WriteProcessMemory. (0x12B)
[0802/101230.059:WARNING:pe_image_reader.cc(281)] could not read dos header from C:\Program Files\Google\Chrome\Application\56.0.2924.76\chrome_elf.dll
[0802/101230.059:ERROR:process_reader_win.cc(233)] ReadMemory at 0x756c0000 of 64 bytes failed: Sólo se completó una parte de una solicitud ReadProcessMemory o WriteProcessMemory. (0x12B)
[0802/101230.060:WARNING:pe_image_reader.cc(281)] could not read dos header from C:\Windows\system32\RPCRT4.dll
[0802/101230.060:ERROR:process_reader_win.cc(233)] ReadMemory at 0x75780000 of 64 bytes failed: Sólo se completó una parte de una solicitud ReadProcessMemory o WriteProcessMemory. (0x12B)
[0802/101230.060:WARNING:pe_image_reader.cc(281)] could not read dos header from C:\Windows\SYSTEM32\sechost.dll
[0802/101230.060:ERROR:process_reader_win.cc(233)] ReadMemory at 0x76750000 of 64 bytes failed: Sólo se completó una parte de una solicitud ReadProcessMemory o WriteProcessMemory. (0x12B)
[0802/101230.060:WARNING:pe_image_reader.cc(281)] could not read dos header from C:\Windows\system32\ADVAPI32.dll
[0802/101230.060:ERROR:process_reader_win.cc(233)] ReadMemory at 0x75370000 of 64 bytes failed: Sólo se completó una parte de una solicitud ReadProcessMemory o WriteProcessMemory. (0x12B)
[0802/101230.060:WARNING:pe_image_reader.cc(281)] could not read dos header from C:\Windows\system32\PSAPI.DLL
[0802/101230.060:ERROR:process_reader_win.cc(233)] ReadMemory at 0x76880000 of 64 bytes failed: Sólo se completó una parte de una solicitud ReadProcessMemory o WriteProcessMemory. (0x12B)
[0802/101230.060:WARNING:pe_image_reader.cc(281)] could not read dos header from C:\Windows\system32\USER32.dll
[0802/101230.060:ERROR:process_reader_win.cc(233)] ReadMemory at 0x76580000 of 64 bytes failed: Sólo se completó una parte de una solicitud ReadProcessMemory o WriteProcessMemory. (0x12B)
[0802/101230.060:WARNING:pe_image_reader.cc(281)] could not read dos header from C:\Windows\system32\USP10.dll
[0802/101230.060:ERROR:process_reader_win.cc(233)] ReadMemory at 0x77010000 of 64 bytes failed: Sólo se completó una parte de una solicitud ReadProcessMemory o WriteProcessMemory. (0x12B)
[0802/101230.060:WARNING:pe_image_reader.cc(281)] could not read dos header from C:\Windows\system32\LPK.dll
[0802/101230.060:ERROR:process_reader_win.cc(233)] ReadMemory at 0x77020000 of 64 bytes failed: Sólo se completó una parte de una solicitud ReadProcessMemory o WriteProcessMemory. (0x12B)
[0802/101230.060:WARNING:pe_image_reader.cc(281)] could not read dos header from C:\Windows\system32\GDI32.dll
[0802/101230.060:ERROR:process_reader_win.cc(233)] ReadMemory at 0x75310000 of 64 bytes failed: Sólo se completó una parte de una solicitud ReadProcessMemory o WriteProcessMemory. (0x12B)
[0802/101230.060:WARNING:pe_image_reader.cc(281)] could not read dos header from C:\Windows\system32\SHLWAPI.dll
[0802/101230.060:ERROR:process_reader_win.cc(233)] ReadMemory at 0x757a0000 of 64 bytes failed: Sólo se completó una parte de una solicitud ReadProcessMemory o WriteProcessMemory. (0x12B)
[0802/101230.060:WARNING:pe_image_reader.cc(281)] could not read dos header from C:\Windows\system32\SHELL32.dll
[0802/101230.060:ERROR:process_reader_win.cc(233)] ReadMemory at 0x73ea0000 of 64 bytes failed: Sólo se completó una parte de una solicitud ReadProcessMemory o WriteProcessMemory. (0x12B)
[0802/101230.060:WARNING:pe_image_reader.cc(281)] could not read dos header from C:\Windows\system32\WINMM.dll
[0802/101230.060:ERROR:process_reader_win.cc(233)] ReadMemory at 0x74010000 of 64 bytes failed: Sólo se completó una parte de una solicitud ReadProcessMemory o WriteProcessMemory. (0x12B)
[0802/101230.060:WARNING:pe_image_reader.cc(281)] could not read dos header from C:\Windows\system32\WTSAPI32.dll
[0802/101230.060:ERROR:process_reader_win.cc(233)] ReadMemory at 0x75010000 of 64 bytes failed: Sólo se completó una parte de una solicitud ReadProcessMemory o WriteProcessMemory. (0x12B)
[0802/101230.060:WARNING:pe_image_reader.cc(281)] could not read dos header from C:\Windows\system32\profapi.dll
[0802/101230.060:ERROR:process_reader_win.cc(233)] ReadMemory at 0x74140000 of 64 bytes failed: Sólo se completó una parte de una solicitud ReadProcessMemory o WriteProcessMemory. (0x12B)
[0802/101230.060:WARNING:pe_image_reader.cc(281)] could not read dos header from C:\Windows\system32\USERENV.dll
[0802/101230.060:ERROR:process_reader_win.cc(233)] ReadMemory at 0x726c0000 of 64 bytes failed: Sólo se completó una parte de una solicitud ReadProcessMemory o WriteProcessMemory. (0x12B)
[0802/101230.060:WARNING:pe_image_reader.cc(281)] could not read dos header from C:\Windows\system32\webio.dll
[0802/101230.060:ERROR:process_reader_win.cc(233)] ReadMemory at 0x72800000 of 64 bytes failed: Sólo se completó una parte de una solicitud ReadProcessMemory o WriteProcessMemory. (0x12B)
[0802/101230.060:WARNING:pe_image_reader.cc(281)] could not read dos header from C:\Windows\system32\WINHTTP.dll
[0802/101230.060:ERROR:process_reader_win.cc(233)] ReadMemory at 0x71c10000 of 64 bytes failed: Sólo se completó una parte de una solicitud ReadProcessMemory o WriteProcessMemory. (0x12B)
[0802/101230.060:WARNING:pe_image_reader.cc(281)] could not read dos header from C:\Windows\system32\api-ms-win-core-synch-l1-2-0.DLL
[0802/101230.060:ERROR:process_reader_win.cc(233)] ReadMemory at 0x764b0000 of 64 bytes failed: Sólo se completó una parte de una solicitud ReadProcessMemory o WriteProcessMemory. (0x12B)
[0802/101230.060:WARNING:pe_image_reader.cc(281)] could not read dos header from C:\Windows\system32\MSCTF.dll
[0802/101230.060:ERROR:process_reader_win.cc(233)] ReadMemory at 0x763f0000 of 64 bytes failed: Sólo se completó una parte de una solicitud ReadProcessMemory o WriteProcessMemory. (0x12B)
[0802/101230.061:WARNING:pe_image_reader.cc(281)] could not read dos header from C:\Windows\system32\IMM32.DLL
[0802/101230.061:ERROR:process_reader_win.cc(233)] ReadMemory at 0x76d60000 of 64 bytes failed: Sólo se completó una parte de una solicitud ReadProcessMemory o WriteProcessMemory. (0x12B)
[0802/101230.061:WARNING:pe_image_reader.cc(281)] could not read dos header from C:\Windows\system32\ole32.dll
[0802/101230.061:ERROR:process_reader_win.cc(233)] ReadMemory at 0x767f0000 of 64 bytes failed: Sólo se completó una parte de una solicitud ReadProcessMemory o WriteProcessMemory. (0x12B)
[0802/101230.061:WARNING:pe_image_reader.cc(281)] could not read dos header from C:\Windows\system32\OLEAUT32.dll
[0802/101230.061:ERROR:process_reader_win.cc(233)] ReadMemory at 0x77000000 of 64 bytes failed: Sólo se completó una parte de una solicitud ReadProcessMemory o WriteProcessMemory. (0x12B)
[0802/101230.061:WARNING:pe_image_reader.cc(281)] could not read dos header from C:\Windows\system32\NSI.dll
[0802/101230.061:ERROR:process_reader_win.cc(233)] ReadMemory at 0x76470000 of 64 bytes failed: Sólo se completó una parte de una solicitud ReadProcessMemory o WriteProcessMemory. (0x12B)
[0802/101230.061:WARNING:pe_image_reader.cc(281)] could not read dos header from C:\Windows\system32\WS2_32.dll
[0802/101230.061:ERROR:process_reader_win.cc(233)] ReadMemory at 0x744f0000 of 64 bytes failed: Sólo se completó una parte de una solicitud ReadProcessMemory o WriteProcessMemory. (0x12B)
[0802/101230.061:WARNING:pe_image_reader.cc(281)] could not read dos header from C:\Windows\WinSxS\x86_microsoft.windows.common-controls_6595b64144ccf1df_6.0.7601.17514_none_41e6975e2bd6f2b2\COMCTL32.dll
[0802/101230.061:ERROR:process_reader_win.cc(233)] ReadMemory at 0x77070000 of 64 bytes failed: Sólo se completó una parte de una solicitud ReadProcessMemory o WriteProcessMemory. (0x12B)
[0802/101230.061:WARNING:pe_image_reader.cc(281)] could not read dos header from C:\Windows\system32\COMDLG32.dll
[0802/101230.061:ERROR:process_reader_win.cc(233)] ReadMemory at 0x729c0000 of 64 bytes failed: Sólo se completó una parte de una solicitud ReadProcessMemory o WriteProcessMemory. (0x12B)
[0802/101230.061:WARNING:pe_image_reader.cc(281)] could not read dos header from C:\Windows\system32\dbghelp.dll
[0802/101230.061:ERROR:process_reader_win.cc(233)] ReadMemory at 0x72cc0000 of 64 bytes failed: Sólo se completó una parte de una solicitud ReadProcessMemory o WriteProcessMemory. (0x12B)
[0802/101230.061:WARNING:pe_image_reader.cc(281)] could not read dos header from C:\Windows\system32\WINSPOOL.DRV
[0802/101230.061:ERROR:process_reader_win.cc(233)] ReadMemory at 0x73fe0000 of 64 bytes failed: Sólo se completó una parte de una solicitud ReadProcessMemory o WriteProcessMemory. (0x12B)
[0802/101230.061:WARNING:pe_image_reader.cc(281)] could not read dos header from C:\Windows\system32\WINNSI.DLL
[0802/101230.061:ERROR:process_reader_win.cc(233)] ReadMemory at 0x73ff0000 of 64 bytes failed: Sólo se completó una parte de una solicitud ReadProcessMemory o WriteProcessMemory. (0x12B)
[0802/101230.061:WARNING:pe_image_reader.cc(281)] could not read dos header from C:\Windows\system32\IPHLPAPI.DLL
[0802/101230.061:ERROR:process_reader_win.cc(233)] ReadMemory at 0x74ed0000 of 64 bytes failed: Sólo se completó una parte de una solicitud ReadProcessMemory o WriteProcessMemory. (0x12B)
[0802/101230.061:WARNING:pe_image_reader.cc(281)] could not read dos header from C:\Windows\system32\Secur32.dll
[0802/101230.061:ERROR:process_reader_win.cc(233)] ReadMemory at 0x74f20000 of 64 bytes failed: Sólo se completó una parte de una solicitud ReadProcessMemory o WriteProcessMemory. (0x12B)
[0802/101230.061:WARNING:pe_image_reader.cc(281)] could not read dos header from C:\Windows\system32\SSPICLI.DLL
[0802/101230.061:ERROR:process_reader_win.cc(233)] ReadMemory at 0x6e170000 of 64 bytes failed: Sólo se completó una parte de una solicitud ReadProcessMemory o WriteProcessMemory. (0x12B)
[0802/101230.061:WARNING:pe_image_reader.cc(281)] could not read dos header from C:\Windows\system32\DWrite.dll
[0802/101230.061:ERROR:process_reader_win.cc(233)] ReadMemory at 0x6f9a0000 of 64 bytes failed: Sólo se completó una parte de una solicitud ReadProcessMemory o WriteProcessMemory. (0x12B)
[0802/101230.061:WARNING:pe_image_reader.cc(281)] could not read dos header from C:\Windows\system32\FONTSUB.dll
[0802/101230.061:ERROR:process_reader_win.cc(233)] ReadMemory at 0x75080000 of 64 bytes failed: Sólo se completó una parte de una solicitud ReadProcessMemory o WriteProcessMemory. (0x12B)
[0802/101230.061:WARNING:pe_image_reader.cc(281)] could not read dos header from C:\Windows\system32\MSASN1.dll
[0802/101230.061:ERROR:process_reader_win.cc(233)] ReadMemory at 0x750e0000 of 64 bytes failed: Sólo se completó una parte de una solicitud ReadProcessMemory o WriteProcessMemory. (0x12B)
[0802/101230.061:WARNING:pe_image_reader.cc(281)] could not read dos header from C:\Windows\system32\CRYPT32.dll
[0802/101230.061:ERROR:process_reader_win.cc(233)] ReadMemory at 0x750b0000 of 64 bytes failed: Sólo se completó una parte de una solicitud ReadProcessMemory o WriteProcessMemory. (0x12B)
[0802/101230.061:WARNING:pe_image_reader.cc(281)] could not read dos header from C:\Windows\system32\WINTRUST.dll
[0802/101230.061:ERROR:process_reader_win.cc(233)] ReadMemory at 0x66970000 of 64 bytes failed: Sólo se completó una parte de una solicitud ReadProcessMemory o WriteProcessMemory. (0x12B)
[0802/101230.062:WARNING:pe_image_reader.cc(281)] could not read dos header from C:\Program Files\Google\Chrome\Application\56.0.2924.76\chrome_child.dll
[0802/101230.062:ERROR:process_reader_win.cc(233)] ReadMemory at 0x74f90000 of 64 bytes failed: Sólo se completó una parte de una solicitud ReadProcessMemory o WriteProcessMemory. (0x12B)
[0802/101230.062:WARNING:pe_image_reader.cc(281)] could not read dos header from C:\Windows\system32\cryptbase.dll
[0802/101230.062:ERROR:process_reader_win.cc(233)] ReadMemory at 0x1380000 of 64 bytes failed: Sólo se completó una parte de una solicitud ReadProcessMemory o WriteProcessMemory. (0x12B)
[0802/101230.062:WARNING:pe_image_reader.cc(281)] could not read dos header from C:\Program Files\Google\Chrome\Application\chrome.exe
[0802/101230.062:ERROR:process_reader_win.cc(233)] ReadMemory at 0x76ec0000 of 64 bytes failed: Sólo se completó una parte de una solicitud ReadProcessMemory o WriteProcessMemory. (0x12B)
[0802/101230.062:WARNING:pe_image_reader.cc(281)] could not read dos header from C:\Windows\SYSTEM32\ntdll.dll
[0802/101230.062:ERROR:process_reader_win.cc(233)] ReadMemory at 0x75230000 of 64 bytes failed: Sólo se completó una parte de una solicitud ReadProcessMemory o WriteProcessMemory. (0x12B)
[0802/101230.062:WARNING:pe_image_reader.cc(281)] could not read dos header from C:\Windows\system32\KERNELBASE.dll
[0802/101230.062:ERROR:process_reader_win.cc(233)] ReadMemory at 0x76670000 of 64 bytes failed: Sólo se completó una parte de una solicitud ReadProcessMemory o WriteProcessMemory. (0x12B)
[0802/101230.062:WARNING:pe_image_reader.cc(281)] could not read dos header from C:\Windows\system32\kernel32.dll
[0802/101230.062:ERROR:process_reader_win.cc(233)] ReadMemory at 0x76c20000 of 64 bytes failed: Sólo se completó una parte de una solicitud ReadProcessMemory o WriteProcessMemory. (0x12B)
[0802/101230.062:WARNING:pe_image_reader.cc(281)] could not read dos header from C:\Windows\system32\msvcrt.dll
[0802/101230.062:ERROR:process_reader_win.cc(233)] ReadMemory at 0x740c0000 of 64 bytes failed: Sólo se completó una parte de una solicitud ReadProcessMemory o WriteProcessMemory. (0x12B)
[0802/101230.062:WARNING:pe_image_reader.cc(281)] could not read dos header from C:\Windows\system32\VERSION.dll
[0802/101230.062:ERROR:process_reader_win.cc(233)] ReadMemory at 0x6e280000 of 64 bytes failed: Sólo se completó una parte de una solicitud ReadProcessMemory o WriteProcessMemory. (0x12B)
[0802/101230.062:WARNING:pe_image_reader.cc(281)] could not read dos header from C:\Program Files\Google\Chrome\Application\56.0.2924.76\chrome_elf.dll
[0802/101230.062:ERROR:process_reader_win.cc(233)] ReadMemory at 0x756c0000 of 64 bytes failed: Sólo se completó una parte de una solicitud ReadProcessMemory o WriteProcessMemory. (0x12B)
[0802/101230.062:WARNING:pe_image_reader.cc(281)] could not read dos header from C:\Windows\system32\RPCRT4.dll
[0802/101230.062:ERROR:process_reader_win.cc(233)] ReadMemory at 0x75780000 of 64 bytes failed: Sólo se completó una parte de una solicitud ReadProcessMemory o WriteProcessMemory. (0x12B)
[0802/101230.062:WARNING:pe_image_reader.cc(281)] could not read dos header from C:\Windows\SYSTEM32\sechost.dll
[0802/101230.062:ERROR:process_reader_win.cc(233)] ReadMemory at 0x76750000 of 64 bytes failed: Sólo se completó una parte de una solicitud ReadProcessMemory o WriteProcessMemory. (0x12B)
[0802/101230.062:WARNING:pe_image_reader.cc(281)] could not read dos header from C:\Windows\system32\ADVAPI32.dll
[0802/101230.062:ERROR:process_reader_win.cc(233)] ReadMemory at 0x75370000 of 64 bytes failed: Sólo se completó una parte de una solicitud ReadProcessMemory o WriteProcessMemory. (0x12B)
[0802/101230.062:WARNING:pe_image_reader.cc(281)] could not read dos header from C:\Windows\system32\PSAPI.DLL
[0802/101230.062:ERROR:process_reader_win.cc(233)] ReadMemory at 0x76880000 of 64 bytes failed: Sólo se completó una parte de una solicitud ReadProcessMemory o WriteProcessMemory. (0x12B)
[0802/101230.062:WARNING:pe_image_reader.cc(281)] could not read dos header from C:\Windows\system32\USER32.dll
[0802/101230.062:ERROR:process_reader_win.cc(233)] ReadMemory at 0x76580000 of 64 bytes failed: Sólo se completó una parte de una solicitud ReadProcessMemory o WriteProcessMemory. (0x12B)
[0802/101230.062:WARNING:pe_image_reader.cc(281)] could not read dos header from C:\Windows\system32\USP10.dll
[0802/101230.062:ERROR:process_reader_win.cc(233)] ReadMemory at 0x77010000 of 64 bytes failed: Sólo se completó una parte de una solicitud ReadProcessMemory o WriteProcessMemory. (0x12B)
[0802/101230.062:WARNING:pe_image_reader.cc(281)] could not read dos header from C:\Windows\system32\LPK.dll
[0802/101230.062:ERROR:process_reader_win.cc(233)] ReadMemory at 0x77020000 of 64 bytes failed: Sólo se completó una parte de una solicitud ReadProcessMemory o WriteProcessMemory. (0x12B)
[0802/101230.062:WARNING:pe_image_reader.cc(281)] could not read dos header from C:\Windows\system32\GDI32.dll
[0802/101230.062:ERROR:process_reader_win.cc(233)] ReadMemory at 0x75310000 of 64 bytes failed: Sólo se completó una parte de una solicitud ReadProcessMemory o WriteProcessMemory. (0x12B)
[0802/101230.062:WARNING:pe_image_reader.cc(281)] could not read dos header from C:\Windows\system32\SHLWAPI.dll
[0802/101230.062:ERROR:process_reader_win.cc(233)] ReadMemory at 0x757a0000 of 64 bytes failed: Sólo se completó una parte de una solicitud ReadProcessMemory o WriteProcessMemory. (0x12B)
[0802/101230.062:WARNING:pe_image_reader.cc(281)] could not read dos header from C:\Windows\system32\SHELL32.dll
[0802/101230.062:ERROR:process_reader_win.cc(233)] ReadMemory at 0x73ea0000 of 64 bytes failed: Sólo se completó una parte de una solicitud ReadProcessMemory o WriteProcessMemory. (0x12B)
[0802/101230.062:WARNING:pe_image_reader.cc(281)] could not read dos header from C:\Windows\system32\WINMM.dll
[0802/101230.062:ERROR:process_reader_win.cc(233)] ReadMemory at 0x74010000 of 64 bytes failed: Sólo se completó una parte de una solicitud ReadProcessMemory o WriteProcessMemory. (0x12B)
[0802/101230.063:WARNING:pe_image_reader.cc(281)] could not read dos header from C:\Windows\system32\WTSAPI32.dll
[0802/101230.063:ERROR:process_reader_win.cc(233)] ReadMemory at 0x75010000 of 64 bytes failed: Sólo se completó una parte de una solicitud ReadProcessMemory o WriteProcessMemory. (0x12B)
[0802/101230.063:WARNING:pe_image_reader.cc(281)] could not read dos header from C:\Windows\system32\profapi.dll
[0802/101230.063:ERROR:process_reader_win.cc(233)] ReadMemory at 0x74140000 of 64 bytes failed: Sólo se completó una parte de una solicitud ReadProcessMemory o WriteProcessMemory. (0x12B)
[0802/101230.063:WARNING:pe_image_reader.cc(281)] could not read dos header from C:\Windows\system32\USERENV.dll
[0802/101230.063:ERROR:process_reader_win.cc(233)] ReadMemory at 0x726c0000 of 64 bytes failed: Sólo se completó una parte de una solicitud ReadProcessMemory o WriteProcessMemory. (0x12B)
[0802/101230.063:WARNING:pe_image_reader.cc(281)] could not read dos header from C:\Windows\system32\webio.dll
[0802/101230.063:ERROR:process_reader_win.cc(233)] ReadMemory at 0x72800000 of 64 bytes failed: Sólo se completó una parte de una solicitud ReadProcessMemory o WriteProcessMemory. (0x12B)
[0802/101230.063:WARNING:pe_image_reader.cc(281)] could not read dos header from C:\Windows\system32\WINHTTP.dll
[0802/101230.063:ERROR:process_reader_win.cc(233)] ReadMemory at 0x71c10000 of 64 bytes failed: Sólo se completó una parte de una solicitud ReadProcessMemory o WriteProcessMemory. (0x12B)
[0802/101230.063:WARNING:pe_image_reader.cc(281)] could not read dos header from C:\Windows\system32\api-ms-win-core-synch-l1-2-0.DLL
[0802/101230.063:ERROR:process_reader_win.cc(233)] ReadMemory at 0x764b0000 of 64 bytes failed: Sólo se completó una parte de una solicitud ReadProcessMemory o WriteProcessMemory. (0x12B)
[0802/101230.063:WARNING:pe_image_reader.cc(281)] could not read dos header from C:\Windows\system32\MSCTF.dll
[0802/101230.063:ERROR:process_reader_win.cc(233)] ReadMemory at 0x763f0000 of 64 bytes failed: Sólo se completó una parte de una solicitud ReadProcessMemory o WriteProcessMemory. (0x12B)
[0802/101230.063:WARNING:pe_image_reader.cc(281)] could not read dos header from C:\Windows\system32\IMM32.DLL
[0802/101230.063:ERROR:process_reader_win.cc(233)] ReadMemory at 0x76d60000 of 64 bytes failed: Sólo se completó una parte de una solicitud ReadProcessMemory o WriteProcessMemory. (0x12B)
[0802/101230.063:WARNING:pe_image_reader.cc(281)] could not read dos header from C:\Windows\system32\ole32.dll
[0802/101230.063:ERROR:process_reader_win.cc(233)] ReadMemory at 0x767f0000 of 64 bytes failed: Sólo se completó una parte de una solicitud ReadProcessMemory o WriteProcessMemory. (0x12B)
[0802/101230.063:WARNING:pe_image_reader.cc(281)] could not read dos header from C:\Windows\system32\OLEAUT32.dll
[0802/101230.063:ERROR:process_reader_win.cc(233)] ReadMemory at 0x77000000 of 64 bytes failed: Sólo se completó una parte de una solicitud ReadProcessMemory o WriteProcessMemory. (0x12B)
[0802/101230.063:WARNING:pe_image_reader.cc(281)] could not read dos header from C:\Windows\system32\NSI.dll
[0802/101230.063:ERROR:process_reader_win.cc(233)] ReadMemory at 0x76470000 of 64 bytes failed: Sólo se completó una parte de una solicitud ReadProcessMemory o WriteProcessMemory. (0x12B)
[0802/101230.063:WARNING:pe_image_reader.cc(281)] could not read dos header from C:\Windows\system32\WS2_32.dll
[0802/101230.063:ERROR:process_reader_win.cc(233)] ReadMemory at 0x744f0000 of 64 bytes failed: Sólo se completó una parte de una solicitud ReadProcessMemory o WriteProcessMemory. (0x12B)
[0802/101230.063:WARNING:pe_image_reader.cc(281)] could not read dos header from C:\Windows\WinSxS\x86_microsoft.windows.common-controls_6595b64144ccf1df_6.0.7601.17514_none_41e6975e2bd6f2b2\COMCTL32.dll
[0802/101230.063:ERROR:process_reader_win.cc(233)] ReadMemory at 0x77070000 of 64 bytes failed: Sólo se completó una parte de una solicitud ReadProcessMemory o WriteProcessMemory. (0x12B)
[0802/101230.063:WARNING:pe_image_reader.cc(281)] could not read dos header from C:\Windows\system32\COMDLG32.dll
[0802/101230.063:ERROR:process_reader_win.cc(233)] ReadMemory at 0x729c0000 of 64 bytes failed: Sólo se completó una parte de una solicitud ReadProcessMemory o WriteProcessMemory. (0x12B)
[0802/101230.063:WARNING:pe_image_reader.cc(281)] could not read dos header from C:\Windows\system32\dbghelp.dll
[0802/101230.063:ERROR:process_reader_win.cc(233)] ReadMemory at 0x72cc0000 of 64 bytes failed: Sólo se completó una parte de una solicitud ReadProcessMemory o WriteProcessMemory. (0x12B)
[0802/101230.063:WARNING:pe_image_reader.cc(281)] could not read dos header from C:\Windows\system32\WINSPOOL.DRV
[0802/101230.063:ERROR:process_reader_win.cc(233)] ReadMemory at 0x73fe0000 of 64 bytes failed: Sólo se completó una parte de una solicitud ReadProcessMemory o WriteProcessMemory. (0x12B)
[0802/101230.063:WARNING:pe_image_reader.cc(281)] could not read dos header from C:\Windows\system32\WINNSI.DLL
[0802/101230.063:ERROR:process_reader_win.cc(233)] ReadMemory at 0x73ff0000 of 64 bytes failed: Sólo se completó una parte de una solicitud ReadProcessMemory o WriteProcessMemory. (0x12B)
[0802/101230.063:WARNING:pe_image_reader.cc(281)] could not read dos header from C:\Windows\system32\IPHLPAPI.DLL
[0802/101230.063:ERROR:process_reader_win.cc(233)] ReadMemory at 0x74ed0000 of 64 bytes failed: Sólo se completó una parte de una solicitud ReadProcessMemory o WriteProcessMemory. (0x12B)
[0802/101230.063:WARNING:pe_image_reader.cc(281)] could not read dos header from C:\Windows\system32\Secur32.dll
[0802/101230.063:ERROR:process_reader_win.cc(233)] ReadMemory at 0x74f20000 of 64 bytes failed: Sólo se completó una parte de una solicitud ReadProcessMemory o WriteProcessMemory. (0x12B)
[0802/101230.064:WARNING:pe_image_reader.cc(281)] could not read dos header from C:\Windows\system32\SSPICLI.DLL
[0802/101230.064:ERROR:process_reader_win.cc(233)] ReadMemory at 0x6e170000 of 64 bytes failed: Sólo se completó una parte de una solicitud ReadProcessMemory o WriteProcessMemory. (0x12B)
[0802/101230.064:WARNING:pe_image_reader.cc(281)] could not read dos header from C:\Windows\system32\DWrite.dll
[0802/101230.064:ERROR:process_reader_win.cc(233)] ReadMemory at 0x6f9a0000 of 64 bytes failed: Sólo se completó una parte de una solicitud ReadProcessMemory o WriteProcessMemory. (0x12B)
[0802/101230.064:WARNING:pe_image_reader.cc(281)] could not read dos header from C:\Windows\system32\FONTSUB.dll
[0802/101230.064:ERROR:process_reader_win.cc(233)] ReadMemory at 0x75080000 of 64 bytes failed: Sólo se completó una parte de una solicitud ReadProcessMemory o WriteProcessMemory. (0x12B)
[0802/101230.064:WARNING:pe_image_reader.cc(281)] could not read dos header from C:\Windows\system32\MSASN1.dll
[0802/101230.064:ERROR:process_reader_win.cc(233)] ReadMemory at 0x750e0000 of 64 bytes failed: Sólo se completó una parte de una solicitud ReadProcessMemory o WriteProcessMemory. (0x12B)
[0802/101230.064:WARNING:pe_image_reader.cc(281)] could not read dos header from C:\Windows\system32\CRYPT32.dll
[0802/101230.064:ERROR:process_reader_win.cc(233)] ReadMemory at 0x750b0000 of 64 bytes failed: Sólo se completó una parte de una solicitud ReadProcessMemory o WriteProcessMemory. (0x12B)
[0802/101230.064:WARNING:pe_image_reader.cc(281)] could not read dos header from C:\Windows\system32\WINTRUST.dll
[0802/101230.064:ERROR:process_reader_win.cc(233)] ReadMemory at 0x66970000 of 64 bytes failed: Sólo se completó una parte de una solicitud ReadProcessMemory o WriteProcessMemory. (0x12B)
[0802/101230.064:WARNING:pe_image_reader.cc(281)] could not read dos header from C:\Program Files\Google\Chrome\Application\56.0.2924.76\chrome_child.dll
[0802/101230.064:ERROR:process_reader_win.cc(233)] ReadMemory at 0x74f90000 of 64 bytes failed: Sólo se completó una parte de una solicitud ReadProcessMemory o WriteProcessMemory. (0x12B)
[0802/101230.064:WARNING:pe_image_reader.cc(281)] could not read dos header from C:\Windows\system32\cryptbase.dll
[0802/101230.064:ERROR:process_reader_win.cc(233)] ReadMemory at 0x1380000 of 64 bytes failed: Sólo se completó una parte de una solicitud ReadProcessMemory o WriteProcessMemory. (0x12B)
[0802/101230.064:WARNING:pe_image_reader.cc(281)] could not read dos header from C:\Program Files\Google\Chrome\Application\chrome.exe
[0802/101230.064:ERROR:process_reader_win.cc(233)] ReadMemory at 0x76ec0000 of 64 bytes failed: Sólo se completó una parte de una solicitud ReadProcessMemory o WriteProcessMemory. (0x12B)
[0802/101230.064:WARNING:pe_image_reader.cc(281)] could not read dos header from C:\Windows\SYSTEM32\ntdll.dll
[0802/101230.064:ERROR:process_reader_win.cc(233)] ReadMemory at 0x75230000 of 64 bytes failed: Sólo se completó una parte de una solicitud ReadProcessMemory o WriteProcessMemory. (0x12B)
[0802/101230.064:WARNING:pe_image_reader.cc(281)] could not read dos header from C:\Windows\system32\KERNELBASE.dll
[0802/101230.064:ERROR:process_reader_win.cc(233)] ReadMemory at 0x76670000 of 64 bytes failed: Sólo se completó una parte de una solicitud ReadProcessMemory o WriteProcessMemory. (0x12B)
[0802/101230.064:WARNING:pe_image_reader.cc(281)] could not read dos header from C:\Windows\system32\kernel32.dll
[0802/101230.064:ERROR:process_reader_win.cc(233)] ReadMemory at 0x76c20000 of 64 bytes failed: Sólo se completó una parte de una solicitud ReadProcessMemory o WriteProcessMemory. (0x12B)
[0802/101230.064:WARNING:pe_image_reader.cc(281)] could not read dos header from C:\Windows\system32\msvcrt.dll
[0802/101230.064:ERROR:process_reader_win.cc(233)] ReadMemory at 0x740c0000 of 64 bytes failed: Sólo se completó una parte de una solicitud ReadProcessMemory o WriteProcessMemory. (0x12B)
[0802/101230.064:WARNING:pe_image_reader.cc(281)] could not read dos header from C:\Windows\system32\VERSION.dll
[0802/101230.064:ERROR:process_reader_win.cc(233)] ReadMemory at 0x6e280000 of 64 bytes failed: Sólo se completó una parte de una solicitud ReadProcessMemory o WriteProcessMemory. (0x12B)
[0802/101230.064:WARNING:pe_image_reader.cc(281)] could not read dos header from C:\Program Files\Google\Chrome\Application\56.0.2924.76\chrome_elf.dll
[0802/101230.064:ERROR:process_reader_win.cc(233)] ReadMemory at 0x756c0000 of 64 bytes failed: Sólo se completó una parte de una solicitud ReadProcessMemory o WriteProcessMemory. (0x12B)
[0802/101230.064:WARNING:pe_image_reader.cc(281)] could not read dos header from C:\Windows\system32\RPCRT4.dll
[0802/101230.064:ERROR:process_reader_win.cc(233)] ReadMemory at 0x75780000 of 64 bytes failed: Sólo se completó una parte de una solicitud ReadProcessMemory o WriteProcessMemory. (0x12B)
[0802/101230.064:WARNING:pe_image_reader.cc(281)] could not read dos header from C:\Windows\SYSTEM32\sechost.dll
[0802/101230.064:ERROR:process_reader_win.cc(233)] ReadMemory at 0x76750000 of 64 bytes failed: Sólo se completó una parte de una solicitud ReadProcessMemory o WriteProcessMemory. (0x12B)
[0802/101230.064:WARNING:pe_image_reader.cc(281)] could not read dos header from C:\Windows\system32\ADVAPI32.dll
[0802/101230.064:ERROR:process_reader_win.cc(233)] ReadMemory at 0x75370000 of 64 bytes failed: Sólo se completó una parte de una solicitud ReadProcessMemory o WriteProcessMemory. (0x12B)
[0802/101230.064:WARNING:pe_image_reader.cc(281)] could not read dos header from C:\Windows\system32\PSAPI.DLL
[0802/101230.065:ERROR:process_reader_win.cc(233)] ReadMemory at 0x76880000 of 64 bytes failed: Sólo se completó una parte de una solicitud ReadProcessMemory o WriteProcessMemory. (0x12B)
[0802/101230.065:WARNING:pe_image_reader.cc(281)] could not read dos header from C:\Windows\system32\USER32.dll
[0802/101230.065:ERROR:process_reader_win.cc(233)] ReadMemory at 0x76580000 of 64 bytes failed: Sólo se completó una parte de una solicitud ReadProcessMemory o WriteProcessMemory. (0x12B)
[0802/101230.065:WARNING:pe_image_reader.cc(281)] could not read dos header from C:\Windows\system32\USP10.dll
[0802/101230.065:ERROR:process_reader_win.cc(233)] ReadMemory at 0x77010000 of 64 bytes failed: Sólo se completó una parte de una solicitud ReadProcessMemory o WriteProcessMemory. (0x12B)
[0802/101230.065:WARNING:pe_image_reader.cc(281)] could not read dos header from C:\Windows\system32\LPK.dll
[0802/101230.065:ERROR:process_reader_win.cc(233)] ReadMemory at 0x77020000 of 64 bytes failed: Sólo se completó una parte de una solicitud ReadProcessMemory o WriteProcessMemory. (0x12B)
[0802/101230.065:WARNING:pe_image_reader.cc(281)] could not read dos header from C:\Windows\system32\GDI32.dll
[0802/101230.065:ERROR:process_reader_win.cc(233)] ReadMemory at 0x75310000 of 64 bytes failed: Sólo se completó una parte de una solicitud ReadProcessMemory o WriteProcessMemory. (0x12B)
[0802/101230.065:WARNING:pe_image_reader.cc(281)] could not read dos header from C:\Windows\system32\SHLWAPI.dll
[0802/101230.065:ERROR:process_reader_win.cc(233)] ReadMemory at 0x757a0000 of 64 bytes failed: Sólo se completó una parte de una solicitud ReadProcessMemory o WriteProcessMemory. (0x12B)
[0802/101230.065:WARNING:pe_image_reader.cc(281)] could not read dos header from C:\Windows\system32\SHELL32.dll
[0802/101230.065:ERROR:process_reader_win.cc(233)] ReadMemory at 0x73ea0000 of 64 bytes failed: Sólo se completó una parte de una solicitud ReadProcessMemory o WriteProcessMemory. (0x12B)
[0802/101230.065:WARNING:pe_image_reader.cc(281)] could not read dos header from C:\Windows\system32\WINMM.dll
[0802/101230.065:ERROR:process_reader_win.cc(233)] ReadMemory at 0x74010000 of 64 bytes failed: Sólo se completó una parte de una solicitud ReadProcessMemory o WriteProcessMemory. (0x12B)
[0802/101230.065:WARNING:pe_image_reader.cc(281)] could not read dos header from C:\Windows\system32\WTSAPI32.dll
[0802/101230.065:ERROR:process_reader_win.cc(233)] ReadMemory at 0x75010000 of 64 bytes failed: Sólo se completó una parte de una solicitud ReadProcessMemory o WriteProcessMemory. (0x12B)
[0802/101230.065:WARNING:pe_image_reader.cc(281)] could not read dos header from C:\Windows\system32\profapi.dll
[0802/101230.065:ERROR:process_reader_win.cc(233)] ReadMemory at 0x74140000 of 64 bytes failed: Sólo se completó una parte de una solicitud ReadProcessMemory o WriteProcessMemory. (0x12B)
[0802/101230.065:WARNING:pe_image_reader.cc(281)] could not read dos header from C:\Windows\system32\USERENV.dll
[0802/101230.065:ERROR:process_reader_win.cc(233)] ReadMemory at 0x726c0000 of 64 bytes failed: Sólo se completó una parte de una solicitud ReadProcessMemory o WriteProcessMemory. (0x12B)
[0802/101230.065:WARNING:pe_image_reader.cc(281)] could not read dos header from C:\Windows\system32\webio.dll
[0802/101230.065:ERROR:process_reader_win.cc(233)] ReadMemory at 0x72800000 of 64 bytes failed: Sólo se completó una parte de una solicitud ReadProcessMemory o WriteProcessMemory. (0x12B)
[0802/101230.065:WARNING:pe_image_reader.cc(281)] could not read dos header from C:\Windows\system32\WINHTTP.dll
[0802/101230.065:ERROR:process_reader_win.cc(233)] ReadMemory at 0x71c10000 of 64 bytes failed: Sólo se completó una parte de una solicitud ReadProcessMemory o WriteProcessMemory. (0x12B)
[0802/101230.065:WARNING:pe_image_reader.cc(281)] could not read dos header from C:\Windows\system32\api-ms-win-core-synch-l1-2-0.DLL
[0802/101230.065:ERROR:process_reader_win.cc(233)] ReadMemory at 0x764b0000 of 64 bytes failed: Sólo se completó una parte de una solicitud ReadProcessMemory o WriteProcessMemory. (0x12B)
[0802/101230.065:WARNING:pe_image_reader.cc(281)] could not read dos header from C:\Windows\system32\MSCTF.dll
[0802/101230.065:ERROR:process_reader_win.cc(233)] ReadMemory at 0x763f0000 of 64 bytes failed: Sólo se completó una parte de una solicitud ReadProcessMemory o WriteProcessMemory. (0x12B)
[0802/101230.065:WARNING:pe_image_reader.cc(281)] could not read dos header from C:\Windows\system32\IMM32.DLL
[0802/101230.065:ERROR:process_reader_win.cc(233)] ReadMemory at 0x76d60000 of 64 bytes failed: Sólo se completó una parte de una solicitud ReadProcessMemory o WriteProcessMemory. (0x12B)
[0802/101230.065:WARNING:pe_image_reader.cc(281)] could not read dos header from C:\Windows\system32\ole32.dll
[0802/101230.065:ERROR:process_reader_win.cc(233)] ReadMemory at 0x767f0000 of 64 bytes failed: Sólo se completó una parte de una solicitud ReadProcessMemory o WriteProcessMemory. (0x12B)
[0802/101230.065:WARNING:pe_image_reader.cc(281)] could not read dos header from C:\Windows\system32\OLEAUT32.dll
[0802/101230.065:ERROR:process_reader_win.cc(233)] ReadMemory at 0x77000000 of 64 bytes failed: Sólo se completó una parte de una solicitud ReadProcessMemory o WriteProcessMemory. (0x12B)
[0802/101230.065:WARNING:pe_image_reader.cc(281)] could not read dos header from C:\Windows\system32\NSI.dll
[0802/101230.066:ERROR:process_reader_win.cc(233)] ReadMemory at 0x76470000 of 64 bytes failed: Sólo se completó una parte de una solicitud ReadProcessMemory o WriteProcessMemory. (0x12B)
[0802/101230.066:WARNING:pe_image_reader.cc(281)] could not read dos header from C:\Windows\system32\WS2_32.dll
[0802/101230.066:ERROR:process_reader_win.cc(233)] ReadMemory at 0x744f0000 of 64 bytes failed: Sólo se completó una parte de una solicitud ReadProcessMemory o WriteProcessMemory. (0x12B)
[0802/101230.066:WARNING:pe_image_reader.cc(281)] could not read dos header from C:\Windows\WinSxS\x86_microsoft.windows.common-controls_6595b64144ccf1df_6.0.7601.17514_none_41e6975e2bd6f2b2\COMCTL32.dll
[0802/101230.066:ERROR:process_reader_win.cc(233)] ReadMemory at 0x77070000 of 64 bytes failed: Sólo se completó una parte de una solicitud ReadProcessMemory o WriteProcessMemory. (0x12B)
[0802/101230.066:WARNING:pe_image_reader.cc(281)] could not read dos header from C:\Windows\system32\COMDLG32.dll
[0802/101230.066:ERROR:process_reader_win.cc(233)] ReadMemory at 0x729c0000 of 64 bytes failed: Sólo se completó una parte de una solicitud ReadProcessMemory o WriteProcessMemory. (0x12B)
[0802/101230.066:WARNING:pe_image_reader.cc(281)] could not read dos header from C:\Windows\system32\dbghelp.dll
[0802/101230.066:ERROR:process_reader_win.cc(233)] ReadMemory at 0x72cc0000 of 64 bytes failed: Sólo se completó una parte de una solicitud ReadProcessMemory o WriteProcessMemory. (0x12B)
[0802/101230.066:WARNING:pe_image_reader.cc(281)] could not read dos header from C:\Windows\system32\WINSPOOL.DRV
[0802/101230.066:ERROR:process_reader_win.cc(233)] ReadMemory at 0x73fe0000 of 64 bytes failed: Sólo se completó una parte de una solicitud ReadProcessMemory o WriteProcessMemory. (0x12B)
[0802/101230.066:WARNING:pe_image_reader.cc(281)] could not read dos header from C:\Windows\system32\WINNSI.DLL
[0802/101230.066:ERROR:process_reader_win.cc(233)] ReadMemory at 0x73ff0000 of 64 bytes failed: Sólo se completó una parte de una solicitud ReadProcessMemory o WriteProcessMemory. (0x12B)
[0802/101230.066:WARNING:pe_image_reader.cc(281)] could not read dos header from C:\Windows\system32\IPHLPAPI.DLL
[0802/101230.066:ERROR:process_reader_win.cc(233)] ReadMemory at 0x74ed0000 of 64 bytes failed: Sólo se completó una parte de una solicitud ReadProcessMemory o WriteProcessMemory. (0x12B)
[0802/101230.066:WARNING:pe_image_reader.cc(281)] could not read dos header from C:\Windows\system32\Secur32.dll
[0802/101230.066:ERROR:process_reader_win.cc(233)] ReadMemory at 0x74f20000 of 64 bytes failed: Sólo se completó una parte de una solicitud ReadProcessMemory o WriteProcessMemory. (0x12B)
[0802/101230.066:WARNING:pe_image_reader.cc(281)] could not read dos header from C:\Windows\system32\SSPICLI.DLL
[0802/101230.066:ERROR:process_reader_win.cc(233)] ReadMemory at 0x6e170000 of 64 bytes failed: Sólo se completó una parte de una solicitud ReadProcessMemory o WriteProcessMemory. (0x12B)
[0802/101230.066:WARNING:pe_image_reader.cc(281)] could not read dos header from C:\Windows\system32\DWrite.dll
[0802/101230.066:ERROR:process_reader_win.cc(233)] ReadMemory at 0x6f9a0000 of 64 bytes failed: Sólo se completó una parte de una solicitud ReadProcessMemory o WriteProcessMemory. (0x12B)
[0802/101230.066:WARNING:pe_image_reader.cc(281)] could not read dos header from C:\Windows\system32\FONTSUB.dll
[0802/101230.066:ERROR:process_reader_win.cc(233)] ReadMemory at 0x75080000 of 64 bytes failed: Sólo se completó una parte de una solicitud ReadProcessMemory o WriteProcessMemory. (0x12B)
[0802/101230.066:WARNING:pe_image_reader.cc(281)] could not read dos header from C:\Windows\system32\MSASN1.dll
[0802/101230.066:ERROR:process_reader_win.cc(233)] ReadMemory at 0x750e0000 of 64 bytes failed: Sólo se completó una parte de una solicitud ReadProcessMemory o WriteProcessMemory. (0x12B)
[0802/101230.067:WARNING:pe_image_reader.cc(281)] could not read dos header from C:\Windows\system32\CRYPT32.dll
[0802/101230.067:ERROR:process_reader_win.cc(233)] ReadMemory at 0x750b0000 of 64 bytes failed: Sólo se completó una parte de una solicitud ReadProcessMemory o WriteProcessMemory. (0x12B)
[0802/101230.067:WARNING:pe_image_reader.cc(281)] could not read dos header from C:\Windows\system32\WINTRUST.dll
[0802/101230.067:ERROR:process_reader_win.cc(233)] ReadMemory at 0x66970000 of 64 bytes failed: Sólo se completó una parte de una solicitud ReadProcessMemory o WriteProcessMemory. (0x12B)
[0802/101230.067:WARNING:pe_image_reader.cc(281)] could not read dos header from C:\Program Files\Google\Chrome\Application\56.0.2924.76\chrome_child.dll
[0802/101230.067:ERROR:process_reader_win.cc(233)] ReadMemory at 0x74f90000 of 64 bytes failed: Sólo se completó una parte de una solicitud ReadProcessMemory o WriteProcessMemory. (0x12B)
[0802/101230.067:WARNING:pe_image_reader.cc(281)] could not read dos header from C:\Windows\system32\cryptbase.dll
[0802/101230.167:ERROR:process_reader_win.cc(233)] ReadMemory at 0x17d000 of 143360 bytes failed: Sólo se completó una parte de una solicitud ReadProcessMemory o WriteProcessMemory. (0x12B)
[0802/101230.167:ERROR:crash_report_exception_handler.cc(111)] WriteEverything failed
[0802/101230.168:ERROR:scoped_process_suspend.cc(38)] NtResumeProcess: Se intentó obtener acceso a un proceso que está cerrándose.  (0xc000010a)
